

Started GET "/promos.json" for 200.12.181.28 at 2014-10-12 23:17:58 +0000
Processing by PromosController#index as JSON
  Parameters: {"promo"=>{}}
  [1m[35mPromo Load (0.3ms)[0m  SELECT `promos`.* FROM `promos` WHERE (1=1)
  [1m[36mBrand Load (0.2ms)[0m  [1mSELECT `brands`.* FROM `brands` WHERE `brands`.`id` = 4 LIMIT 1[0m
DEPRECATION WARNING: You're trying to create an attribute `brand_name'. Writing arbitrary attributes on a model is deprecated. Please just use `attr_writer` etc. (called from block in index at /var/www/html/apps/proyecto_integrador/app/controllers/promos_controller.rb:8)
DEPRECATION WARNING: You're trying to create an attribute `image_encode'. Writing arbitrary attributes on a model is deprecated. Please just use `attr_writer` etc. (called from block in index at /var/www/html/apps/proyecto_integrador/app/controllers/promos_controller.rb:9)
  [1m[35mBrand Load (0.2ms)[0m  SELECT `brands`.* FROM `brands` WHERE `brands`.`id` = 2 LIMIT 1
DEPRECATION WARNING: You're trying to create an attribute `brand_name'. Writing arbitrary attributes on a model is deprecated. Please just use `attr_writer` etc. (called from block in index at /var/www/html/apps/proyecto_integrador/app/controllers/promos_controller.rb:8)
DEPRECATION WARNING: You're trying to create an attribute `image_encode'. Writing arbitrary attributes on a model is deprecated. Please just use `attr_writer` etc. (called from block in index at /var/www/html/apps/proyecto_integrador/app/controllers/promos_controller.rb:9)
  [1m[36mBrand Load (0.2ms)[0m  [1mSELECT `brands`.* FROM `brands` WHERE `brands`.`id` = 5 LIMIT 1[0m
DEPRECATION WARNING: You're trying to create an attribute `brand_name'. Writing arbitrary attributes on a model is deprecated. Please just use `attr_writer` etc. (called from block in index at /var/www/html/apps/proyecto_integrador/app/controllers/promos_controller.rb:8)
DEPRECATION WARNING: You're trying to create an attribute `image_encode'. Writing arbitrary attributes on a model is deprecated. Please just use `attr_writer` etc. (called from block in index at /var/www/html/apps/proyecto_integrador/app/controllers/promos_controller.rb:9)
  [1m[35mBrand Load (0.2ms)[0m  SELECT `brands`.* FROM `brands` WHERE `brands`.`id` = 6 LIMIT 1
DEPRECATION WARNING: You're trying to create an attribute `brand_name'. Writing arbitrary attributes on a model is deprecated. Please just use `attr_writer` etc. (called from block in index at /var/www/html/apps/proyecto_integrador/app/controllers/promos_controller.rb:8)
DEPRECATION WARNING: You're trying to create an attribute `image_encode'. Writing arbitrary attributes on a model is deprecated. Please just use `attr_writer` etc. (called from block in index at /var/www/html/apps/proyecto_integrador/app/controllers/promos_controller.rb:9)
Completed 200 OK in 104ms (Views: 73.1ms | ActiveRecord: 0.0ms)


Started GET "/promos.json" for 200.12.181.28 at 2014-10-12 23:19:47 +0000
Processing by PromosController#index as JSON
  Parameters: {"promo"=>{}}
  [1m[36mPromo Load (0.4ms)[0m  [1mSELECT `promos`.* FROM `promos` WHERE (1=1)[0m
  [1m[35mBrand Load (0.3ms)[0m  SELECT `brands`.* FROM `brands` WHERE `brands`.`id` = 4 LIMIT 1
DEPRECATION WARNING: You're trying to create an attribute `brand_name'. Writing arbitrary attributes on a model is deprecated. Please just use `attr_writer` etc. (called from block in index at /var/www/html/apps/proyecto_integrador/app/controllers/promos_controller.rb:8)
DEPRECATION WARNING: You're trying to create an attribute `image_encode'. Writing arbitrary attributes on a model is deprecated. Please just use `attr_writer` etc. (called from block in index at /var/www/html/apps/proyecto_integrador/app/controllers/promos_controller.rb:9)
  [1m[36mBrand Load (0.4ms)[0m  [1mSELECT `brands`.* FROM `brands` WHERE `brands`.`id` = 2 LIMIT 1[0m
DEPRECATION WARNING: You're trying to create an attribute `brand_name'. Writing arbitrary attributes on a model is deprecated. Please just use `attr_writer` etc. (called from block in index at /var/www/html/apps/proyecto_integrador/app/controllers/promos_controller.rb:8)
DEPRECATION WARNING: You're trying to create an attribute `image_encode'. Writing arbitrary attributes on a model is deprecated. Please just use `attr_writer` etc. (called from block in index at /var/www/html/apps/proyecto_integrador/app/controllers/promos_controller.rb:9)
  [1m[35mBrand Load (0.5ms)[0m  SELECT `brands`.* FROM `brands` WHERE `brands`.`id` = 5 LIMIT 1
DEPRECATION WARNING: You're trying to create an attribute `brand_name'. Writing arbitrary attributes on a model is deprecated. Please just use `attr_writer` etc. (called from block in index at /var/www/html/apps/proyecto_integrador/app/controllers/promos_controller.rb:8)
DEPRECATION WARNING: You're trying to create an attribute `image_encode'. Writing arbitrary attributes on a model is deprecated. Please just use `attr_writer` etc. (called from block in index at /var/www/html/apps/proyecto_integrador/app/controllers/promos_controller.rb:9)
  [1m[36mBrand Load (0.4ms)[0m  [1mSELECT `brands`.* FROM `brands` WHERE `brands`.`id` = 6 LIMIT 1[0m
DEPRECATION WARNING: You're trying to create an attribute `brand_name'. Writing arbitrary attributes on a model is deprecated. Please just use `attr_writer` etc. (called from block in index at /var/www/html/apps/proyecto_integrador/app/controllers/promos_controller.rb:8)
DEPRECATION WARNING: You're trying to create an attribute `image_encode'. Writing arbitrary attributes on a model is deprecated. Please just use `attr_writer` etc. (called from block in index at /var/www/html/apps/proyecto_integrador/app/controllers/promos_controller.rb:9)
Completed 200 OK in 102ms (Views: 67.9ms | ActiveRecord: 0.0ms)


Started GET "/promos.json" for 200.12.181.28 at 2014-10-12 23:20:13 +0000
Processing by PromosController#index as JSON
  Parameters: {"promo"=>{}}
  [1m[35mPromo Load (0.5ms)[0m  SELECT `promos`.* FROM `promos` WHERE (1=1)
  [1m[36mBrand Load (0.5ms)[0m  [1mSELECT `brands`.* FROM `brands` WHERE `brands`.`id` = 4 LIMIT 1[0m
DEPRECATION WARNING: You're trying to create an attribute `brand_name'. Writing arbitrary attributes on a model is deprecated. Please just use `attr_writer` etc. (called from block in index at /var/www/html/apps/proyecto_integrador/app/controllers/promos_controller.rb:8)
DEPRECATION WARNING: You're trying to create an attribute `image_encode'. Writing arbitrary attributes on a model is deprecated. Please just use `attr_writer` etc. (called from block in index at /var/www/html/apps/proyecto_integrador/app/controllers/promos_controller.rb:9)
  [1m[35mBrand Load (0.5ms)[0m  SELECT `brands`.* FROM `brands` WHERE `brands`.`id` = 2 LIMIT 1
DEPRECATION WARNING: You're trying to create an attribute `brand_name'. Writing arbitrary attributes on a model is deprecated. Please just use `attr_writer` etc. (called from block in index at /var/www/html/apps/proyecto_integrador/app/controllers/promos_controller.rb:8)
DEPRECATION WARNING: You're trying to create an attribute `image_encode'. Writing arbitrary attributes on a model is deprecated. Please just use `attr_writer` etc. (called from block in index at /var/www/html/apps/proyecto_integrador/app/controllers/promos_controller.rb:9)
  [1m[36mBrand Load (0.5ms)[0m  [1mSELECT `brands`.* FROM `brands` WHERE `brands`.`id` = 5 LIMIT 1[0m
DEPRECATION WARNING: You're trying to create an attribute `brand_name'. Writing arbitrary attributes on a model is deprecated. Please just use `attr_writer` etc. (called from block in index at /var/www/html/apps/proyecto_integrador/app/controllers/promos_controller.rb:8)
DEPRECATION WARNING: You're trying to create an attribute `image_encode'. Writing arbitrary attributes on a model is deprecated. Please just use `attr_writer` etc. (called from block in index at /var/www/html/apps/proyecto_integrador/app/controllers/promos_controller.rb:9)
  [1m[35mBrand Load (0.5ms)[0m  SELECT `brands`.* FROM `brands` WHERE `brands`.`id` = 6 LIMIT 1
DEPRECATION WARNING: You're trying to create an attribute `brand_name'. Writing arbitrary attributes on a model is deprecated. Please just use `attr_writer` etc. (called from block in index at /var/www/html/apps/proyecto_integrador/app/controllers/promos_controller.rb:8)
DEPRECATION WARNING: You're trying to create an attribute `image_encode'. Writing arbitrary attributes on a model is deprecated. Please just use `attr_writer` etc. (called from block in index at /var/www/html/apps/proyecto_integrador/app/controllers/promos_controller.rb:9)
Completed 200 OK in 105ms (Views: 71.8ms | ActiveRecord: 0.0ms)


Started GET "/promos.json" for 200.12.181.28 at 2014-10-12 23:20:18 +0000
Processing by PromosController#index as JSON
  Parameters: {"promo"=>{}}
  [1m[36mPromo Load (0.4ms)[0m  [1mSELECT `promos`.* FROM `promos` WHERE (1=1)[0m
  [1m[35mBrand Load (0.3ms)[0m  SELECT `brands`.* FROM `brands` WHERE `brands`.`id` = 4 LIMIT 1
DEPRECATION WARNING: You're trying to create an attribute `brand_name'. Writing arbitrary attributes on a model is deprecated. Please just use `attr_writer` etc. (called from block in index at /var/www/html/apps/proyecto_integrador/app/controllers/promos_controller.rb:8)
DEPRECATION WARNING: You're trying to create an attribute `image_encode'. Writing arbitrary attributes on a model is deprecated. Please just use `attr_writer` etc. (called from block in index at /var/www/html/apps/proyecto_integrador/app/controllers/promos_controller.rb:9)
  [1m[36mBrand Load (0.4ms)[0m  [1mSELECT `brands`.* FROM `brands` WHERE `brands`.`id` = 2 LIMIT 1[0m
DEPRECATION WARNING: You're trying to create an attribute `brand_name'. Writing arbitrary attributes on a model is deprecated. Please just use `attr_writer` etc. (called from block in index at /var/www/html/apps/proyecto_integrador/app/controllers/promos_controller.rb:8)
DEPRECATION WARNING: You're trying to create an attribute `image_encode'. Writing arbitrary attributes on a model is deprecated. Please just use `attr_writer` etc. (called from block in index at /var/www/html/apps/proyecto_integrador/app/controllers/promos_controller.rb:9)
  [1m[35mBrand Load (0.5ms)[0m  SELECT `brands`.* FROM `brands` WHERE `brands`.`id` = 5 LIMIT 1
DEPRECATION WARNING: You're trying to create an attribute `brand_name'. Writing arbitrary attributes on a model is deprecated. Please just use `attr_writer` etc. (called from block in index at /var/www/html/apps/proyecto_integrador/app/controllers/promos_controller.rb:8)
DEPRECATION WARNING: You're trying to create an attribute `image_encode'. Writing arbitrary attributes on a model is deprecated. Please just use `attr_writer` etc. (called from block in index at /var/www/html/apps/proyecto_integrador/app/controllers/promos_controller.rb:9)
  [1m[36mBrand Load (0.5ms)[0m  [1mSELECT `brands`.* FROM `brands` WHERE `brands`.`id` = 6 LIMIT 1[0m
DEPRECATION WARNING: You're trying to create an attribute `brand_name'. Writing arbitrary attributes on a model is deprecated. Please just use `attr_writer` etc. (called from block in index at /var/www/html/apps/proyecto_integrador/app/controllers/promos_controller.rb:8)
DEPRECATION WARNING: You're trying to create an attribute `image_encode'. Writing arbitrary attributes on a model is deprecated. Please just use `attr_writer` etc. (called from block in index at /var/www/html/apps/proyecto_integrador/app/controllers/promos_controller.rb:9)
Completed 200 OK in 106ms (Views: 74.1ms | ActiveRecord: 0.0ms)


Started GET "/promos.json" for 200.12.181.28 at 2014-10-12 23:20:21 +0000
Processing by PromosController#index as JSON
  Parameters: {"promo"=>{}}
  [1m[35mPromo Load (0.6ms)[0m  SELECT `promos`.* FROM `promos` WHERE (1=1)
  [1m[36mBrand Load (0.5ms)[0m  [1mSELECT `brands`.* FROM `brands` WHERE `brands`.`id` = 4 LIMIT 1[0m
DEPRECATION WARNING: You're trying to create an attribute `brand_name'. Writing arbitrary attributes on a model is deprecated. Please just use `attr_writer` etc. (called from block in index at /var/www/html/apps/proyecto_integrador/app/controllers/promos_controller.rb:8)
DEPRECATION WARNING: You're trying to create an attribute `image_encode'. Writing arbitrary attributes on a model is deprecated. Please just use `attr_writer` etc. (called from block in index at /var/www/html/apps/proyecto_integrador/app/controllers/promos_controller.rb:9)
  [1m[35mBrand Load (0.5ms)[0m  SELECT `brands`.* FROM `brands` WHERE `brands`.`id` = 2 LIMIT 1
DEPRECATION WARNING: You're trying to create an attribute `brand_name'. Writing arbitrary attributes on a model is deprecated. Please just use `attr_writer` etc. (called from block in index at /var/www/html/apps/proyecto_integrador/app/controllers/promos_controller.rb:8)
DEPRECATION WARNING: You're trying to create an attribute `image_encode'. Writing arbitrary attributes on a model is deprecated. Please just use `attr_writer` etc. (called from block in index at /var/www/html/apps/proyecto_integrador/app/controllers/promos_controller.rb:9)
  [1m[36mBrand Load (0.4ms)[0m  [1mSELECT `brands`.* FROM `brands` WHERE `brands`.`id` = 5 LIMIT 1[0m
DEPRECATION WARNING: You're trying to create an attribute `brand_name'. Writing arbitrary attributes on a model is deprecated. Please just use `attr_writer` etc. (called from block in index at /var/www/html/apps/proyecto_integrador/app/controllers/promos_controller.rb:8)
DEPRECATION WARNING: You're trying to create an attribute `image_encode'. Writing arbitrary attributes on a model is deprecated. Please just use `attr_writer` etc. (called from block in index at /var/www/html/apps/proyecto_integrador/app/controllers/promos_controller.rb:9)
  [1m[35mBrand Load (0.5ms)[0m  SELECT `brands`.* FROM `brands` WHERE `brands`.`id` = 6 LIMIT 1
DEPRECATION WARNING: You're trying to create an attribute `brand_name'. Writing arbitrary attributes on a model is deprecated. Please just use `attr_writer` etc. (called from block in index at /var/www/html/apps/proyecto_integrador/app/controllers/promos_controller.rb:8)
DEPRECATION WARNING: You're trying to create an attribute `image_encode'. Writing arbitrary attributes on a model is deprecated. Please just use `attr_writer` etc. (called from block in index at /var/www/html/apps/proyecto_integrador/app/controllers/promos_controller.rb:9)
Completed 200 OK in 104ms (Views: 71.4ms | ActiveRecord: 0.0ms)


Started GET "/promos.json" for 200.12.181.28 at 2014-10-12 23:20:26 +0000
Processing by PromosController#index as JSON
  Parameters: {"promo"=>{}}
  [1m[36mPromo Load (0.6ms)[0m  [1mSELECT `promos`.* FROM `promos` WHERE (1=1)[0m
  [1m[35mBrand Load (0.5ms)[0m  SELECT `brands`.* FROM `brands` WHERE `brands`.`id` = 4 LIMIT 1
DEPRECATION WARNING: You're trying to create an attribute `brand_name'. Writing arbitrary attributes on a model is deprecated. Please just use `attr_writer` etc. (called from block in index at /var/www/html/apps/proyecto_integrador/app/controllers/promos_controller.rb:8)
DEPRECATION WARNING: You're trying to create an attribute `image_encode'. Writing arbitrary attributes on a model is deprecated. Please just use `attr_writer` etc. (called from block in index at /var/www/html/apps/proyecto_integrador/app/controllers/promos_controller.rb:9)
  [1m[36mBrand Load (0.5ms)[0m  [1mSELECT `brands`.* FROM `brands` WHERE `brands`.`id` = 2 LIMIT 1[0m
DEPRECATION WARNING: You're trying to create an attribute `brand_name'. Writing arbitrary attributes on a model is deprecated. Please just use `attr_writer` etc. (called from block in index at /var/www/html/apps/proyecto_integrador/app/controllers/promos_controller.rb:8)
DEPRECATION WARNING: You're trying to create an attribute `image_encode'. Writing arbitrary attributes on a model is deprecated. Please just use `attr_writer` etc. (called from block in index at /var/www/html/apps/proyecto_integrador/app/controllers/promos_controller.rb:9)
  [1m[35mBrand Load (0.5ms)[0m  SELECT `brands`.* FROM `brands` WHERE `brands`.`id` = 5 LIMIT 1
DEPRECATION WARNING: You're trying to create an attribute `brand_name'. Writing arbitrary attributes on a model is deprecated. Please just use `attr_writer` etc. (called from block in index at /var/www/html/apps/proyecto_integrador/app/controllers/promos_controller.rb:8)
DEPRECATION WARNING: You're trying to create an attribute `image_encode'. Writing arbitrary attributes on a model is deprecated. Please just use `attr_writer` etc. (called from block in index at /var/www/html/apps/proyecto_integrador/app/controllers/promos_controller.rb:9)
  [1m[36mBrand Load (0.5ms)[0m  [1mSELECT `brands`.* FROM `brands` WHERE `brands`.`id` = 6 LIMIT 1[0m
DEPRECATION WARNING: You're trying to create an attribute `brand_name'. Writing arbitrary attributes on a model is deprecated. Please just use `attr_writer` etc. (called from block in index at /var/www/html/apps/proyecto_integrador/app/controllers/promos_controller.rb:8)
DEPRECATION WARNING: You're trying to create an attribute `image_encode'. Writing arbitrary attributes on a model is deprecated. Please just use `attr_writer` etc. (called from block in index at /var/www/html/apps/proyecto_integrador/app/controllers/promos_controller.rb:9)
Completed 200 OK in 61ms (Views: 28.2ms | ActiveRecord: 0.0ms)


Started GET "/promos.json" for 200.12.181.28 at 2014-10-12 23:20:39 +0000
Processing by PromosController#index as JSON
  Parameters: {"promo"=>{}}
  [1m[35mPromo Load (0.5ms)[0m  SELECT `promos`.* FROM `promos` WHERE (1=1)
  [1m[36mBrand Load (0.5ms)[0m  [1mSELECT `brands`.* FROM `brands` WHERE `brands`.`id` = 4 LIMIT 1[0m
DEPRECATION WARNING: You're trying to create an attribute `brand_name'. Writing arbitrary attributes on a model is deprecated. Please just use `attr_writer` etc. (called from block in index at /var/www/html/apps/proyecto_integrador/app/controllers/promos_controller.rb:8)
DEPRECATION WARNING: You're trying to create an attribute `image_encode'. Writing arbitrary attributes on a model is deprecated. Please just use `attr_writer` etc. (called from block in index at /var/www/html/apps/proyecto_integrador/app/controllers/promos_controller.rb:9)
  [1m[35mBrand Load (0.5ms)[0m  SELECT `brands`.* FROM `brands` WHERE `brands`.`id` = 2 LIMIT 1
DEPRECATION WARNING: You're trying to create an attribute `brand_name'. Writing arbitrary attributes on a model is deprecated. Please just use `attr_writer` etc. (called from block in index at /var/www/html/apps/proyecto_integrador/app/controllers/promos_controller.rb:8)
DEPRECATION WARNING: You're trying to create an attribute `image_encode'. Writing arbitrary attributes on a model is deprecated. Please just use `attr_writer` etc. (called from block in index at /var/www/html/apps/proyecto_integrador/app/controllers/promos_controller.rb:9)
  [1m[36mBrand Load (0.5ms)[0m  [1mSELECT `brands`.* FROM `brands` WHERE `brands`.`id` = 5 LIMIT 1[0m
DEPRECATION WARNING: You're trying to create an attribute `brand_name'. Writing arbitrary attributes on a model is deprecated. Please just use `attr_writer` etc. (called from block in index at /var/www/html/apps/proyecto_integrador/app/controllers/promos_controller.rb:8)
DEPRECATION WARNING: You're trying to create an attribute `image_encode'. Writing arbitrary attributes on a model is deprecated. Please just use `attr_writer` etc. (called from block in index at /var/www/html/apps/proyecto_integrador/app/controllers/promos_controller.rb:9)
  [1m[35mBrand Load (0.5ms)[0m  SELECT `brands`.* FROM `brands` WHERE `brands`.`id` = 6 LIMIT 1
DEPRECATION WARNING: You're trying to create an attribute `brand_name'. Writing arbitrary attributes on a model is deprecated. Please just use `attr_writer` etc. (called from block in index at /var/www/html/apps/proyecto_integrador/app/controllers/promos_controller.rb:8)
DEPRECATION WARNING: You're trying to create an attribute `image_encode'. Writing arbitrary attributes on a model is deprecated. Please just use `attr_writer` etc. (called from block in index at /var/www/html/apps/proyecto_integrador/app/controllers/promos_controller.rb:9)
Completed 200 OK in 59ms (Views: 27.0ms | ActiveRecord: 0.0ms)


Started GET "/promos.json" for 200.12.181.28 at 2014-10-12 23:20:56 +0000
Processing by PromosController#index as JSON
  Parameters: {"promo"=>{}}
  [1m[36mPromo Load (0.4ms)[0m  [1mSELECT `promos`.* FROM `promos` WHERE (1=1)[0m
  [1m[35mBrand Load (0.3ms)[0m  SELECT `brands`.* FROM `brands` WHERE `brands`.`id` = 4 LIMIT 1
DEPRECATION WARNING: You're trying to create an attribute `brand_name'. Writing arbitrary attributes on a model is deprecated. Please just use `attr_writer` etc. (called from block in index at /var/www/html/apps/proyecto_integrador/app/controllers/promos_controller.rb:8)
DEPRECATION WARNING: You're trying to create an attribute `image_encode'. Writing arbitrary attributes on a model is deprecated. Please just use `attr_writer` etc. (called from block in index at /var/www/html/apps/proyecto_integrador/app/controllers/promos_controller.rb:9)
  [1m[36mBrand Load (0.6ms)[0m  [1mSELECT `brands`.* FROM `brands` WHERE `brands`.`id` = 2 LIMIT 1[0m
DEPRECATION WARNING: You're trying to create an attribute `brand_name'. Writing arbitrary attributes on a model is deprecated. Please just use `attr_writer` etc. (called from block in index at /var/www/html/apps/proyecto_integrador/app/controllers/promos_controller.rb:8)
DEPRECATION WARNING: You're trying to create an attribute `image_encode'. Writing arbitrary attributes on a model is deprecated. Please just use `attr_writer` etc. (called from block in index at /var/www/html/apps/proyecto_integrador/app/controllers/promos_controller.rb:9)
  [1m[35mBrand Load (0.5ms)[0m  SELECT `brands`.* FROM `brands` WHERE `brands`.`id` = 5 LIMIT 1
DEPRECATION WARNING: You're trying to create an attribute `brand_name'. Writing arbitrary attributes on a model is deprecated. Please just use `attr_writer` etc. (called from block in index at /var/www/html/apps/proyecto_integrador/app/controllers/promos_controller.rb:8)
DEPRECATION WARNING: You're trying to create an attribute `image_encode'. Writing arbitrary attributes on a model is deprecated. Please just use `attr_writer` etc. (called from block in index at /var/www/html/apps/proyecto_integrador/app/controllers/promos_controller.rb:9)
  [1m[36mBrand Load (0.5ms)[0m  [1mSELECT `brands`.* FROM `brands` WHERE `brands`.`id` = 6 LIMIT 1[0m
DEPRECATION WARNING: You're trying to create an attribute `brand_name'. Writing arbitrary attributes on a model is deprecated. Please just use `attr_writer` etc. (called from block in index at /var/www/html/apps/proyecto_integrador/app/controllers/promos_controller.rb:8)
DEPRECATION WARNING: You're trying to create an attribute `image_encode'. Writing arbitrary attributes on a model is deprecated. Please just use `attr_writer` etc. (called from block in index at /var/www/html/apps/proyecto_integrador/app/controllers/promos_controller.rb:9)
Completed 200 OK in 101ms (Views: 27.6ms | ActiveRecord: 0.0ms)


Started GET "/promos.json" for 200.12.181.28 at 2014-10-12 23:20:59 +0000
Processing by PromosController#index as JSON
  Parameters: {"promo"=>{}}
  [1m[35mPromo Load (0.4ms)[0m  SELECT `promos`.* FROM `promos` WHERE (1=1)
  [1m[36mBrand Load (0.4ms)[0m  [1mSELECT `brands`.* FROM `brands` WHERE `brands`.`id` = 4 LIMIT 1[0m
DEPRECATION WARNING: You're trying to create an attribute `brand_name'. Writing arbitrary attributes on a model is deprecated. Please just use `attr_writer` etc. (called from block in index at /var/www/html/apps/proyecto_integrador/app/controllers/promos_controller.rb:8)
DEPRECATION WARNING: You're trying to create an attribute `image_encode'. Writing arbitrary attributes on a model is deprecated. Please just use `attr_writer` etc. (called from block in index at /var/www/html/apps/proyecto_integrador/app/controllers/promos_controller.rb:9)
  [1m[35mBrand Load (0.4ms)[0m  SELECT `brands`.* FROM `brands` WHERE `brands`.`id` = 2 LIMIT 1
DEPRECATION WARNING: You're trying to create an attribute `brand_name'. Writing arbitrary attributes on a model is deprecated. Please just use `attr_writer` etc. (called from block in index at /var/www/html/apps/proyecto_integrador/app/controllers/promos_controller.rb:8)
DEPRECATION WARNING: You're trying to create an attribute `image_encode'. Writing arbitrary attributes on a model is deprecated. Please just use `attr_writer` etc. (called from block in index at /var/www/html/apps/proyecto_integrador/app/controllers/promos_controller.rb:9)
  [1m[36mBrand Load (0.5ms)[0m  [1mSELECT `brands`.* FROM `brands` WHERE `brands`.`id` = 5 LIMIT 1[0m
DEPRECATION WARNING: You're trying to create an attribute `brand_name'. Writing arbitrary attributes on a model is deprecated. Please just use `attr_writer` etc. (called from block in index at /var/www/html/apps/proyecto_integrador/app/controllers/promos_controller.rb:8)
DEPRECATION WARNING: You're trying to create an attribute `image_encode'. Writing arbitrary attributes on a model is deprecated. Please just use `attr_writer` etc. (called from block in index at /var/www/html/apps/proyecto_integrador/app/controllers/promos_controller.rb:9)
  [1m[35mBrand Load (0.5ms)[0m  SELECT `brands`.* FROM `brands` WHERE `brands`.`id` = 6 LIMIT 1
DEPRECATION WARNING: You're trying to create an attribute `brand_name'. Writing arbitrary attributes on a model is deprecated. Please just use `attr_writer` etc. (called from block in index at /var/www/html/apps/proyecto_integrador/app/controllers/promos_controller.rb:8)
DEPRECATION WARNING: You're trying to create an attribute `image_encode'. Writing arbitrary attributes on a model is deprecated. Please just use `attr_writer` etc. (called from block in index at /var/www/html/apps/proyecto_integrador/app/controllers/promos_controller.rb:9)
Completed 200 OK in 110ms (Views: 28.7ms | ActiveRecord: 0.0ms)


Started GET "/promos.json" for 200.12.181.28 at 2014-10-12 23:21:04 +0000
Processing by PromosController#index as JSON
  Parameters: {"promo"=>{}}
  [1m[36mPromo Load (0.3ms)[0m  [1mSELECT `promos`.* FROM `promos` WHERE (1=1)[0m
  [1m[35mBrand Load (0.2ms)[0m  SELECT `brands`.* FROM `brands` WHERE `brands`.`id` = 4 LIMIT 1
DEPRECATION WARNING: You're trying to create an attribute `brand_name'. Writing arbitrary attributes on a model is deprecated. Please just use `attr_writer` etc. (called from block in index at /var/www/html/apps/proyecto_integrador/app/controllers/promos_controller.rb:8)
DEPRECATION WARNING: You're trying to create an attribute `image_encode'. Writing arbitrary attributes on a model is deprecated. Please just use `attr_writer` etc. (called from block in index at /var/www/html/apps/proyecto_integrador/app/controllers/promos_controller.rb:9)
  [1m[36mBrand Load (0.2ms)[0m  [1mSELECT `brands`.* FROM `brands` WHERE `brands`.`id` = 2 LIMIT 1[0m
DEPRECATION WARNING: You're trying to create an attribute `brand_name'. Writing arbitrary attributes on a model is deprecated. Please just use `attr_writer` etc. (called from block in index at /var/www/html/apps/proyecto_integrador/app/controllers/promos_controller.rb:8)
DEPRECATION WARNING: You're trying to create an attribute `image_encode'. Writing arbitrary attributes on a model is deprecated. Please just use `attr_writer` etc. (called from block in index at /var/www/html/apps/proyecto_integrador/app/controllers/promos_controller.rb:9)
  [1m[35mBrand Load (0.2ms)[0m  SELECT `brands`.* FROM `brands` WHERE `brands`.`id` = 5 LIMIT 1
DEPRECATION WARNING: You're trying to create an attribute `brand_name'. Writing arbitrary attributes on a model is deprecated. Please just use `attr_writer` etc. (called from block in index at /var/www/html/apps/proyecto_integrador/app/controllers/promos_controller.rb:8)
DEPRECATION WARNING: You're trying to create an attribute `image_encode'. Writing arbitrary attributes on a model is deprecated. Please just use `attr_writer` etc. (called from block in index at /var/www/html/apps/proyecto_integrador/app/controllers/promos_controller.rb:9)
  [1m[36mBrand Load (0.2ms)[0m  [1mSELECT `brands`.* FROM `brands` WHERE `brands`.`id` = 6 LIMIT 1[0m
DEPRECATION WARNING: You're trying to create an attribute `brand_name'. Writing arbitrary attributes on a model is deprecated. Please just use `attr_writer` etc. (called from block in index at /var/www/html/apps/proyecto_integrador/app/controllers/promos_controller.rb:8)
DEPRECATION WARNING: You're trying to create an attribute `image_encode'. Writing arbitrary attributes on a model is deprecated. Please just use `attr_writer` etc. (called from block in index at /var/www/html/apps/proyecto_integrador/app/controllers/promos_controller.rb:9)
Completed 200 OK in 103ms (Views: 71.9ms | ActiveRecord: 0.0ms)


Started GET "/promos.json" for 200.12.181.28 at 2014-10-12 23:21:16 +0000
Processing by PromosController#index as JSON
  Parameters: {"promo"=>{}}
  [1m[35mPromo Load (0.5ms)[0m  SELECT `promos`.* FROM `promos` WHERE (1=1)
  [1m[36mBrand Load (0.5ms)[0m  [1mSELECT `brands`.* FROM `brands` WHERE `brands`.`id` = 4 LIMIT 1[0m
DEPRECATION WARNING: You're trying to create an attribute `brand_name'. Writing arbitrary attributes on a model is deprecated. Please just use `attr_writer` etc. (called from block in index at /var/www/html/apps/proyecto_integrador/app/controllers/promos_controller.rb:8)
DEPRECATION WARNING: You're trying to create an attribute `image_encode'. Writing arbitrary attributes on a model is deprecated. Please just use `attr_writer` etc. (called from block in index at /var/www/html/apps/proyecto_integrador/app/controllers/promos_controller.rb:9)
  [1m[35mBrand Load (0.5ms)[0m  SELECT `brands`.* FROM `brands` WHERE `brands`.`id` = 2 LIMIT 1
DEPRECATION WARNING: You're trying to create an attribute `brand_name'. Writing arbitrary attributes on a model is deprecated. Please just use `attr_writer` etc. (called from block in index at /var/www/html/apps/proyecto_integrador/app/controllers/promos_controller.rb:8)
DEPRECATION WARNING: You're trying to create an attribute `image_encode'. Writing arbitrary attributes on a model is deprecated. Please just use `attr_writer` etc. (called from block in index at /var/www/html/apps/proyecto_integrador/app/controllers/promos_controller.rb:9)
  [1m[36mBrand Load (0.5ms)[0m  [1mSELECT `brands`.* FROM `brands` WHERE `brands`.`id` = 5 LIMIT 1[0m
DEPRECATION WARNING: You're trying to create an attribute `brand_name'. Writing arbitrary attributes on a model is deprecated. Please just use `attr_writer` etc. (called from block in index at /var/www/html/apps/proyecto_integrador/app/controllers/promos_controller.rb:8)
DEPRECATION WARNING: You're trying to create an attribute `image_encode'. Writing arbitrary attributes on a model is deprecated. Please just use `attr_writer` etc. (called from block in index at /var/www/html/apps/proyecto_integrador/app/controllers/promos_controller.rb:9)
  [1m[35mBrand Load (0.5ms)[0m  SELECT `brands`.* FROM `brands` WHERE `brands`.`id` = 6 LIMIT 1
DEPRECATION WARNING: You're trying to create an attribute `brand_name'. Writing arbitrary attributes on a model is deprecated. Please just use `attr_writer` etc. (called from block in index at /var/www/html/apps/proyecto_integrador/app/controllers/promos_controller.rb:8)
DEPRECATION WARNING: You're trying to create an attribute `image_encode'. Writing arbitrary attributes on a model is deprecated. Please just use `attr_writer` etc. (called from block in index at /var/www/html/apps/proyecto_integrador/app/controllers/promos_controller.rb:9)
Completed 200 OK in 108ms (Views: 74.7ms | ActiveRecord: 0.0ms)


Started GET "/promos.json" for 201.232.178.175 at 2014-10-12 23:24:56 +0000
Processing by PromosController#index as JSON
  Parameters: {"promo"=>{}}
  [1m[36mPromo Load (0.5ms)[0m  [1mSELECT `promos`.* FROM `promos` WHERE (1=1)[0m
  [1m[35mBrand Load (0.4ms)[0m  SELECT `brands`.* FROM `brands` WHERE `brands`.`id` = 4 LIMIT 1
DEPRECATION WARNING: You're trying to create an attribute `brand_name'. Writing arbitrary attributes on a model is deprecated. Please just use `attr_writer` etc. (called from block in index at /var/www/html/apps/proyecto_integrador/app/controllers/promos_controller.rb:8)
DEPRECATION WARNING: You're trying to create an attribute `image_encode'. Writing arbitrary attributes on a model is deprecated. Please just use `attr_writer` etc. (called from block in index at /var/www/html/apps/proyecto_integrador/app/controllers/promos_controller.rb:9)
  [1m[36mBrand Load (0.5ms)[0m  [1mSELECT `brands`.* FROM `brands` WHERE `brands`.`id` = 2 LIMIT 1[0m
DEPRECATION WARNING: You're trying to create an attribute `brand_name'. Writing arbitrary attributes on a model is deprecated. Please just use `attr_writer` etc. (called from block in index at /var/www/html/apps/proyecto_integrador/app/controllers/promos_controller.rb:8)
DEPRECATION WARNING: You're trying to create an attribute `image_encode'. Writing arbitrary attributes on a model is deprecated. Please just use `attr_writer` etc. (called from block in index at /var/www/html/apps/proyecto_integrador/app/controllers/promos_controller.rb:9)
  [1m[35mBrand Load (0.5ms)[0m  SELECT `brands`.* FROM `brands` WHERE `brands`.`id` = 5 LIMIT 1
DEPRECATION WARNING: You're trying to create an attribute `brand_name'. Writing arbitrary attributes on a model is deprecated. Please just use `attr_writer` etc. (called from block in index at /var/www/html/apps/proyecto_integrador/app/controllers/promos_controller.rb:8)
DEPRECATION WARNING: You're trying to create an attribute `image_encode'. Writing arbitrary attributes on a model is deprecated. Please just use `attr_writer` etc. (called from block in index at /var/www/html/apps/proyecto_integrador/app/controllers/promos_controller.rb:9)
  [1m[36mBrand Load (0.4ms)[0m  [1mSELECT `brands`.* FROM `brands` WHERE `brands`.`id` = 6 LIMIT 1[0m
DEPRECATION WARNING: You're trying to create an attribute `brand_name'. Writing arbitrary attributes on a model is deprecated. Please just use `attr_writer` etc. (called from block in index at /var/www/html/apps/proyecto_integrador/app/controllers/promos_controller.rb:8)
DEPRECATION WARNING: You're trying to create an attribute `image_encode'. Writing arbitrary attributes on a model is deprecated. Please just use `attr_writer` etc. (called from block in index at /var/www/html/apps/proyecto_integrador/app/controllers/promos_controller.rb:9)
Completed 200 OK in 112ms (Views: 78.1ms | ActiveRecord: 0.0ms)


Started GET "/promos.json" for 201.232.178.175 at 2014-10-12 23:24:59 +0000
Processing by PromosController#index as JSON
  Parameters: {"promo"=>{}}
  [1m[35mPromo Load (0.4ms)[0m  SELECT `promos`.* FROM `promos` WHERE (1=1)
  [1m[36mBrand Load (0.4ms)[0m  [1mSELECT `brands`.* FROM `brands` WHERE `brands`.`id` = 4 LIMIT 1[0m
DEPRECATION WARNING: You're trying to create an attribute `brand_name'. Writing arbitrary attributes on a model is deprecated. Please just use `attr_writer` etc. (called from block in index at /var/www/html/apps/proyecto_integrador/app/controllers/promos_controller.rb:8)
DEPRECATION WARNING: You're trying to create an attribute `image_encode'. Writing arbitrary attributes on a model is deprecated. Please just use `attr_writer` etc. (called from block in index at /var/www/html/apps/proyecto_integrador/app/controllers/promos_controller.rb:9)
  [1m[35mBrand Load (0.4ms)[0m  SELECT `brands`.* FROM `brands` WHERE `brands`.`id` = 2 LIMIT 1
DEPRECATION WARNING: You're trying to create an attribute `brand_name'. Writing arbitrary attributes on a model is deprecated. Please just use `attr_writer` etc. (called from block in index at /var/www/html/apps/proyecto_integrador/app/controllers/promos_controller.rb:8)
DEPRECATION WARNING: You're trying to create an attribute `image_encode'. Writing arbitrary attributes on a model is deprecated. Please just use `attr_writer` etc. (called from block in index at /var/www/html/apps/proyecto_integrador/app/controllers/promos_controller.rb:9)
  [1m[36mBrand Load (0.6ms)[0m  [1mSELECT `brands`.* FROM `brands` WHERE `brands`.`id` = 5 LIMIT 1[0m
DEPRECATION WARNING: You're trying to create an attribute `brand_name'. Writing arbitrary attributes on a model is deprecated. Please just use `attr_writer` etc. (called from block in index at /var/www/html/apps/proyecto_integrador/app/controllers/promos_controller.rb:8)
DEPRECATION WARNING: You're trying to create an attribute `image_encode'. Writing arbitrary attributes on a model is deprecated. Please just use `attr_writer` etc. (called from block in index at /var/www/html/apps/proyecto_integrador/app/controllers/promos_controller.rb:9)
  [1m[35mBrand Load (0.3ms)[0m  SELECT `brands`.* FROM `brands` WHERE `brands`.`id` = 6 LIMIT 1
DEPRECATION WARNING: You're trying to create an attribute `brand_name'. Writing arbitrary attributes on a model is deprecated. Please just use `attr_writer` etc. (called from block in index at /var/www/html/apps/proyecto_integrador/app/controllers/promos_controller.rb:8)
DEPRECATION WARNING: You're trying to create an attribute `image_encode'. Writing arbitrary attributes on a model is deprecated. Please just use `attr_writer` etc. (called from block in index at /var/www/html/apps/proyecto_integrador/app/controllers/promos_controller.rb:9)
Completed 200 OK in 65ms (Views: 30.2ms | ActiveRecord: 0.0ms)


Started GET "/promos.json" for 200.12.181.28 at 2014-10-12 23:25:36 +0000
Processing by PromosController#index as JSON
  Parameters: {"promo"=>{}}
  [1m[36mPromo Load (0.5ms)[0m  [1mSELECT `promos`.* FROM `promos` WHERE (1=1)[0m
  [1m[35mBrand Load (0.5ms)[0m  SELECT `brands`.* FROM `brands` WHERE `brands`.`id` = 4 LIMIT 1
DEPRECATION WARNING: You're trying to create an attribute `brand_name'. Writing arbitrary attributes on a model is deprecated. Please just use `attr_writer` etc. (called from block in index at /var/www/html/apps/proyecto_integrador/app/controllers/promos_controller.rb:8)
DEPRECATION WARNING: You're trying to create an attribute `image_encode'. Writing arbitrary attributes on a model is deprecated. Please just use `attr_writer` etc. (called from block in index at /var/www/html/apps/proyecto_integrador/app/controllers/promos_controller.rb:9)
  [1m[36mBrand Load (0.5ms)[0m  [1mSELECT `brands`.* FROM `brands` WHERE `brands`.`id` = 2 LIMIT 1[0m
DEPRECATION WARNING: You're trying to create an attribute `brand_name'. Writing arbitrary attributes on a model is deprecated. Please just use `attr_writer` etc. (called from block in index at /var/www/html/apps/proyecto_integrador/app/controllers/promos_controller.rb:8)
DEPRECATION WARNING: You're trying to create an attribute `image_encode'. Writing arbitrary attributes on a model is deprecated. Please just use `attr_writer` etc. (called from block in index at /var/www/html/apps/proyecto_integrador/app/controllers/promos_controller.rb:9)
  [1m[35mBrand Load (0.5ms)[0m  SELECT `brands`.* FROM `brands` WHERE `brands`.`id` = 5 LIMIT 1
DEPRECATION WARNING: You're trying to create an attribute `brand_name'. Writing arbitrary attributes on a model is deprecated. Please just use `attr_writer` etc. (called from block in index at /var/www/html/apps/proyecto_integrador/app/controllers/promos_controller.rb:8)
DEPRECATION WARNING: You're trying to create an attribute `image_encode'. Writing arbitrary attributes on a model is deprecated. Please just use `attr_writer` etc. (called from block in index at /var/www/html/apps/proyecto_integrador/app/controllers/promos_controller.rb:9)
  [1m[36mBrand Load (0.6ms)[0m  [1mSELECT `brands`.* FROM `brands` WHERE `brands`.`id` = 6 LIMIT 1[0m
DEPRECATION WARNING: You're trying to create an attribute `brand_name'. Writing arbitrary attributes on a model is deprecated. Please just use `attr_writer` etc. (called from block in index at /var/www/html/apps/proyecto_integrador/app/controllers/promos_controller.rb:8)
DEPRECATION WARNING: You're trying to create an attribute `image_encode'. Writing arbitrary attributes on a model is deprecated. Please just use `attr_writer` etc. (called from block in index at /var/www/html/apps/proyecto_integrador/app/controllers/promos_controller.rb:9)
Completed 200 OK in 65ms (Views: 30.4ms | ActiveRecord: 0.0ms)


Started GET "/promos.json" for 200.12.181.28 at 2014-10-12 23:25:43 +0000
Processing by PromosController#index as JSON
  Parameters: {"promo"=>{}}
  [1m[35mPromo Load (0.6ms)[0m  SELECT `promos`.* FROM `promos` WHERE (1=1)
  [1m[36mBrand Load (0.5ms)[0m  [1mSELECT `brands`.* FROM `brands` WHERE `brands`.`id` = 4 LIMIT 1[0m
DEPRECATION WARNING: You're trying to create an attribute `brand_name'. Writing arbitrary attributes on a model is deprecated. Please just use `attr_writer` etc. (called from block in index at /var/www/html/apps/proyecto_integrador/app/controllers/promos_controller.rb:8)
DEPRECATION WARNING: You're trying to create an attribute `image_encode'. Writing arbitrary attributes on a model is deprecated. Please just use `attr_writer` etc. (called from block in index at /var/www/html/apps/proyecto_integrador/app/controllers/promos_controller.rb:9)
  [1m[35mBrand Load (0.7ms)[0m  SELECT `brands`.* FROM `brands` WHERE `brands`.`id` = 2 LIMIT 1
DEPRECATION WARNING: You're trying to create an attribute `brand_name'. Writing arbitrary attributes on a model is deprecated. Please just use `attr_writer` etc. (called from block in index at /var/www/html/apps/proyecto_integrador/app/controllers/promos_controller.rb:8)
DEPRECATION WARNING: You're trying to create an attribute `image_encode'. Writing arbitrary attributes on a model is deprecated. Please just use `attr_writer` etc. (called from block in index at /var/www/html/apps/proyecto_integrador/app/controllers/promos_controller.rb:9)
  [1m[36mBrand Load (0.6ms)[0m  [1mSELECT `brands`.* FROM `brands` WHERE `brands`.`id` = 5 LIMIT 1[0m
DEPRECATION WARNING: You're trying to create an attribute `brand_name'. Writing arbitrary attributes on a model is deprecated. Please just use `attr_writer` etc. (called from block in index at /var/www/html/apps/proyecto_integrador/app/controllers/promos_controller.rb:8)
DEPRECATION WARNING: You're trying to create an attribute `image_encode'. Writing arbitrary attributes on a model is deprecated. Please just use `attr_writer` etc. (called from block in index at /var/www/html/apps/proyecto_integrador/app/controllers/promos_controller.rb:9)
  [1m[35mBrand Load (0.5ms)[0m  SELECT `brands`.* FROM `brands` WHERE `brands`.`id` = 6 LIMIT 1
DEPRECATION WARNING: You're trying to create an attribute `brand_name'. Writing arbitrary attributes on a model is deprecated. Please just use `attr_writer` etc. (called from block in index at /var/www/html/apps/proyecto_integrador/app/controllers/promos_controller.rb:8)
DEPRECATION WARNING: You're trying to create an attribute `image_encode'. Writing arbitrary attributes on a model is deprecated. Please just use `attr_writer` etc. (called from block in index at /var/www/html/apps/proyecto_integrador/app/controllers/promos_controller.rb:9)
Completed 200 OK in 107ms (Views: 26.4ms | ActiveRecord: 0.0ms)


Started GET "/promos.json" for 200.12.181.28 at 2014-10-12 23:25:50 +0000
Processing by PromosController#index as JSON
  Parameters: {"promo"=>{}}
  [1m[36mPromo Load (0.1ms)[0m  [1mSELECT `promos`.* FROM `promos` WHERE (1=1)[0m
  [1m[35mBrand Load (0.1ms)[0m  SELECT `brands`.* FROM `brands` WHERE `brands`.`id` = 4 LIMIT 1
DEPRECATION WARNING: You're trying to create an attribute `brand_name'. Writing arbitrary attributes on a model is deprecated. Please just use `attr_writer` etc. (called from block in index at /var/www/html/apps/proyecto_integrador/app/controllers/promos_controller.rb:8)
DEPRECATION WARNING: You're trying to create an attribute `image_encode'. Writing arbitrary attributes on a model is deprecated. Please just use `attr_writer` etc. (called from block in index at /var/www/html/apps/proyecto_integrador/app/controllers/promos_controller.rb:9)
  [1m[36mBrand Load (0.1ms)[0m  [1mSELECT `brands`.* FROM `brands` WHERE `brands`.`id` = 2 LIMIT 1[0m
DEPRECATION WARNING: You're trying to create an attribute `brand_name'. Writing arbitrary attributes on a model is deprecated. Please just use `attr_writer` etc. (called from block in index at /var/www/html/apps/proyecto_integrador/app/controllers/promos_controller.rb:8)
DEPRECATION WARNING: You're trying to create an attribute `image_encode'. Writing arbitrary attributes on a model is deprecated. Please just use `attr_writer` etc. (called from block in index at /var/www/html/apps/proyecto_integrador/app/controllers/promos_controller.rb:9)
  [1m[35mBrand Load (0.1ms)[0m  SELECT `brands`.* FROM `brands` WHERE `brands`.`id` = 5 LIMIT 1
DEPRECATION WARNING: You're trying to create an attribute `brand_name'. Writing arbitrary attributes on a model is deprecated. Please just use `attr_writer` etc. (called from block in index at /var/www/html/apps/proyecto_integrador/app/controllers/promos_controller.rb:8)
DEPRECATION WARNING: You're trying to create an attribute `image_encode'. Writing arbitrary attributes on a model is deprecated. Please just use `attr_writer` etc. (called from block in index at /var/www/html/apps/proyecto_integrador/app/controllers/promos_controller.rb:9)
  [1m[36mBrand Load (0.1ms)[0m  [1mSELECT `brands`.* FROM `brands` WHERE `brands`.`id` = 6 LIMIT 1[0m
DEPRECATION WARNING: You're trying to create an attribute `brand_name'. Writing arbitrary attributes on a model is deprecated. Please just use `attr_writer` etc. (called from block in index at /var/www/html/apps/proyecto_integrador/app/controllers/promos_controller.rb:8)
DEPRECATION WARNING: You're trying to create an attribute `image_encode'. Writing arbitrary attributes on a model is deprecated. Please just use `attr_writer` etc. (called from block in index at /var/www/html/apps/proyecto_integrador/app/controllers/promos_controller.rb:9)
Completed 200 OK in 61ms (Views: 44.6ms | ActiveRecord: 0.0ms)


Started GET "/promos.json" for 201.232.178.175 at 2014-10-12 23:26:34 +0000
Processing by PromosController#index as JSON
  Parameters: {"promo"=>{}}
  [1m[35mPromo Load (0.3ms)[0m  SELECT `promos`.* FROM `promos` WHERE (1=1)
  [1m[36mBrand Load (0.2ms)[0m  [1mSELECT `brands`.* FROM `brands` WHERE `brands`.`id` = 4 LIMIT 1[0m
DEPRECATION WARNING: You're trying to create an attribute `brand_name'. Writing arbitrary attributes on a model is deprecated. Please just use `attr_writer` etc. (called from block in index at /var/www/html/apps/proyecto_integrador/app/controllers/promos_controller.rb:8)
DEPRECATION WARNING: You're trying to create an attribute `image_encode'. Writing arbitrary attributes on a model is deprecated. Please just use `attr_writer` etc. (called from block in index at /var/www/html/apps/proyecto_integrador/app/controllers/promos_controller.rb:9)
  [1m[35mBrand Load (0.2ms)[0m  SELECT `brands`.* FROM `brands` WHERE `brands`.`id` = 2 LIMIT 1
DEPRECATION WARNING: You're trying to create an attribute `brand_name'. Writing arbitrary attributes on a model is deprecated. Please just use `attr_writer` etc. (called from block in index at /var/www/html/apps/proyecto_integrador/app/controllers/promos_controller.rb:8)
DEPRECATION WARNING: You're trying to create an attribute `image_encode'. Writing arbitrary attributes on a model is deprecated. Please just use `attr_writer` etc. (called from block in index at /var/www/html/apps/proyecto_integrador/app/controllers/promos_controller.rb:9)
  [1m[36mBrand Load (0.2ms)[0m  [1mSELECT `brands`.* FROM `brands` WHERE `brands`.`id` = 5 LIMIT 1[0m
DEPRECATION WARNING: You're trying to create an attribute `brand_name'. Writing arbitrary attributes on a model is deprecated. Please just use `attr_writer` etc. (called from block in index at /var/www/html/apps/proyecto_integrador/app/controllers/promos_controller.rb:8)
DEPRECATION WARNING: You're trying to create an attribute `image_encode'. Writing arbitrary attributes on a model is deprecated. Please just use `attr_writer` etc. (called from block in index at /var/www/html/apps/proyecto_integrador/app/controllers/promos_controller.rb:9)
  [1m[35mBrand Load (0.2ms)[0m  SELECT `brands`.* FROM `brands` WHERE `brands`.`id` = 6 LIMIT 1
DEPRECATION WARNING: You're trying to create an attribute `brand_name'. Writing arbitrary attributes on a model is deprecated. Please just use `attr_writer` etc. (called from block in index at /var/www/html/apps/proyecto_integrador/app/controllers/promos_controller.rb:8)
DEPRECATION WARNING: You're trying to create an attribute `image_encode'. Writing arbitrary attributes on a model is deprecated. Please just use `attr_writer` etc. (called from block in index at /var/www/html/apps/proyecto_integrador/app/controllers/promos_controller.rb:9)
Completed 200 OK in 112ms (Views: 79.7ms | ActiveRecord: 0.0ms)


Started GET "/promos.json" for 200.12.181.28 at 2014-10-12 23:28:12 +0000
Processing by PromosController#index as JSON
  Parameters: {"promo"=>{}}
  [1m[36mPromo Load (0.2ms)[0m  [1mSELECT `promos`.* FROM `promos` WHERE (1=1)[0m
  [1m[35mBrand Load (0.2ms)[0m  SELECT `brands`.* FROM `brands` WHERE `brands`.`id` = 4 LIMIT 1
DEPRECATION WARNING: You're trying to create an attribute `brand_name'. Writing arbitrary attributes on a model is deprecated. Please just use `attr_writer` etc. (called from block in index at /var/www/html/apps/proyecto_integrador/app/controllers/promos_controller.rb:8)
DEPRECATION WARNING: You're trying to create an attribute `image_encode'. Writing arbitrary attributes on a model is deprecated. Please just use `attr_writer` etc. (called from block in index at /var/www/html/apps/proyecto_integrador/app/controllers/promos_controller.rb:9)
  [1m[36mBrand Load (0.2ms)[0m  [1mSELECT `brands`.* FROM `brands` WHERE `brands`.`id` = 2 LIMIT 1[0m
DEPRECATION WARNING: You're trying to create an attribute `brand_name'. Writing arbitrary attributes on a model is deprecated. Please just use `attr_writer` etc. (called from block in index at /var/www/html/apps/proyecto_integrador/app/controllers/promos_controller.rb:8)
DEPRECATION WARNING: You're trying to create an attribute `image_encode'. Writing arbitrary attributes on a model is deprecated. Please just use `attr_writer` etc. (called from block in index at /var/www/html/apps/proyecto_integrador/app/controllers/promos_controller.rb:9)
  [1m[35mBrand Load (0.2ms)[0m  SELECT `brands`.* FROM `brands` WHERE `brands`.`id` = 5 LIMIT 1
DEPRECATION WARNING: You're trying to create an attribute `brand_name'. Writing arbitrary attributes on a model is deprecated. Please just use `attr_writer` etc. (called from block in index at /var/www/html/apps/proyecto_integrador/app/controllers/promos_controller.rb:8)
DEPRECATION WARNING: You're trying to create an attribute `image_encode'. Writing arbitrary attributes on a model is deprecated. Please just use `attr_writer` etc. (called from block in index at /var/www/html/apps/proyecto_integrador/app/controllers/promos_controller.rb:9)
  [1m[36mBrand Load (0.2ms)[0m  [1mSELECT `brands`.* FROM `brands` WHERE `brands`.`id` = 6 LIMIT 1[0m
DEPRECATION WARNING: You're trying to create an attribute `brand_name'. Writing arbitrary attributes on a model is deprecated. Please just use `attr_writer` etc. (called from block in index at /var/www/html/apps/proyecto_integrador/app/controllers/promos_controller.rb:8)
DEPRECATION WARNING: You're trying to create an attribute `image_encode'. Writing arbitrary attributes on a model is deprecated. Please just use `attr_writer` etc. (called from block in index at /var/www/html/apps/proyecto_integrador/app/controllers/promos_controller.rb:9)
Completed 200 OK in 89ms (Views: 63.2ms | ActiveRecord: 0.0ms)


Started GET "/promos.json" for 200.12.181.28 at 2014-10-12 23:29:33 +0000
Processing by PromosController#index as JSON
  Parameters: {"promo"=>{}}
  [1m[35mPromo Load (0.4ms)[0m  SELECT `promos`.* FROM `promos` WHERE (1=1)
  [1m[36mBrand Load (0.3ms)[0m  [1mSELECT `brands`.* FROM `brands` WHERE `brands`.`id` = 4 LIMIT 1[0m
DEPRECATION WARNING: You're trying to create an attribute `brand_name'. Writing arbitrary attributes on a model is deprecated. Please just use `attr_writer` etc. (called from block in index at /var/www/html/apps/proyecto_integrador/app/controllers/promos_controller.rb:8)
DEPRECATION WARNING: You're trying to create an attribute `image_encode'. Writing arbitrary attributes on a model is deprecated. Please just use `attr_writer` etc. (called from block in index at /var/www/html/apps/proyecto_integrador/app/controllers/promos_controller.rb:9)
  [1m[35mBrand Load (0.4ms)[0m  SELECT `brands`.* FROM `brands` WHERE `brands`.`id` = 2 LIMIT 1
DEPRECATION WARNING: You're trying to create an attribute `brand_name'. Writing arbitrary attributes on a model is deprecated. Please just use `attr_writer` etc. (called from block in index at /var/www/html/apps/proyecto_integrador/app/controllers/promos_controller.rb:8)
DEPRECATION WARNING: You're trying to create an attribute `image_encode'. Writing arbitrary attributes on a model is deprecated. Please just use `attr_writer` etc. (called from block in index at /var/www/html/apps/proyecto_integrador/app/controllers/promos_controller.rb:9)
  [1m[36mBrand Load (0.3ms)[0m  [1mSELECT `brands`.* FROM `brands` WHERE `brands`.`id` = 5 LIMIT 1[0m
DEPRECATION WARNING: You're trying to create an attribute `brand_name'. Writing arbitrary attributes on a model is deprecated. Please just use `attr_writer` etc. (called from block in index at /var/www/html/apps/proyecto_integrador/app/controllers/promos_controller.rb:8)
DEPRECATION WARNING: You're trying to create an attribute `image_encode'. Writing arbitrary attributes on a model is deprecated. Please just use `attr_writer` etc. (called from block in index at /var/www/html/apps/proyecto_integrador/app/controllers/promos_controller.rb:9)
  [1m[35mBrand Load (0.4ms)[0m  SELECT `brands`.* FROM `brands` WHERE `brands`.`id` = 6 LIMIT 1
DEPRECATION WARNING: You're trying to create an attribute `brand_name'. Writing arbitrary attributes on a model is deprecated. Please just use `attr_writer` etc. (called from block in index at /var/www/html/apps/proyecto_integrador/app/controllers/promos_controller.rb:8)
DEPRECATION WARNING: You're trying to create an attribute `image_encode'. Writing arbitrary attributes on a model is deprecated. Please just use `attr_writer` etc. (called from block in index at /var/www/html/apps/proyecto_integrador/app/controllers/promos_controller.rb:9)
Completed 200 OK in 107ms (Views: 75.2ms | ActiveRecord: 0.0ms)


Started GET "/promos.json" for 200.12.181.28 at 2014-10-12 23:30:36 +0000
Processing by PromosController#index as JSON
  Parameters: {"promo"=>{}}
  [1m[36mPromo Load (0.5ms)[0m  [1mSELECT `promos`.* FROM `promos` WHERE (1=1)[0m
  [1m[35mBrand Load (0.4ms)[0m  SELECT `brands`.* FROM `brands` WHERE `brands`.`id` = 4 LIMIT 1
DEPRECATION WARNING: You're trying to create an attribute `brand_name'. Writing arbitrary attributes on a model is deprecated. Please just use `attr_writer` etc. (called from block in index at /var/www/html/apps/proyecto_integrador/app/controllers/promos_controller.rb:8)
DEPRECATION WARNING: You're trying to create an attribute `image_encode'. Writing arbitrary attributes on a model is deprecated. Please just use `attr_writer` etc. (called from block in index at /var/www/html/apps/proyecto_integrador/app/controllers/promos_controller.rb:9)
  [1m[36mBrand Load (0.4ms)[0m  [1mSELECT `brands`.* FROM `brands` WHERE `brands`.`id` = 2 LIMIT 1[0m
DEPRECATION WARNING: You're trying to create an attribute `brand_name'. Writing arbitrary attributes on a model is deprecated. Please just use `attr_writer` etc. (called from block in index at /var/www/html/apps/proyecto_integrador/app/controllers/promos_controller.rb:8)
DEPRECATION WARNING: You're trying to create an attribute `image_encode'. Writing arbitrary attributes on a model is deprecated. Please just use `attr_writer` etc. (called from block in index at /var/www/html/apps/proyecto_integrador/app/controllers/promos_controller.rb:9)
  [1m[35mBrand Load (0.4ms)[0m  SELECT `brands`.* FROM `brands` WHERE `brands`.`id` = 5 LIMIT 1
DEPRECATION WARNING: You're trying to create an attribute `brand_name'. Writing arbitrary attributes on a model is deprecated. Please just use `attr_writer` etc. (called from block in index at /var/www/html/apps/proyecto_integrador/app/controllers/promos_controller.rb:8)
DEPRECATION WARNING: You're trying to create an attribute `image_encode'. Writing arbitrary attributes on a model is deprecated. Please just use `attr_writer` etc. (called from block in index at /var/www/html/apps/proyecto_integrador/app/controllers/promos_controller.rb:9)
  [1m[36mBrand Load (0.5ms)[0m  [1mSELECT `brands`.* FROM `brands` WHERE `brands`.`id` = 6 LIMIT 1[0m
DEPRECATION WARNING: You're trying to create an attribute `brand_name'. Writing arbitrary attributes on a model is deprecated. Please just use `attr_writer` etc. (called from block in index at /var/www/html/apps/proyecto_integrador/app/controllers/promos_controller.rb:8)
DEPRECATION WARNING: You're trying to create an attribute `image_encode'. Writing arbitrary attributes on a model is deprecated. Please just use `attr_writer` etc. (called from block in index at /var/www/html/apps/proyecto_integrador/app/controllers/promos_controller.rb:9)
Completed 200 OK in 61ms (Views: 27.3ms | ActiveRecord: 0.0ms)


Started GET "/promos.json" for 200.12.181.28 at 2014-10-12 23:32:31 +0000
Processing by PromosController#index as JSON
  Parameters: {"promo"=>{}}
  [1m[35mPromo Load (0.5ms)[0m  SELECT `promos`.* FROM `promos` WHERE (1=1)
  [1m[36mBrand Load (0.5ms)[0m  [1mSELECT `brands`.* FROM `brands` WHERE `brands`.`id` = 4 LIMIT 1[0m
DEPRECATION WARNING: You're trying to create an attribute `brand_name'. Writing arbitrary attributes on a model is deprecated. Please just use `attr_writer` etc. (called from block in index at /var/www/html/apps/proyecto_integrador/app/controllers/promos_controller.rb:8)
DEPRECATION WARNING: You're trying to create an attribute `image_encode'. Writing arbitrary attributes on a model is deprecated. Please just use `attr_writer` etc. (called from block in index at /var/www/html/apps/proyecto_integrador/app/controllers/promos_controller.rb:9)
  [1m[35mBrand Load (0.5ms)[0m  SELECT `brands`.* FROM `brands` WHERE `brands`.`id` = 2 LIMIT 1
DEPRECATION WARNING: You're trying to create an attribute `brand_name'. Writing arbitrary attributes on a model is deprecated. Please just use `attr_writer` etc. (called from block in index at /var/www/html/apps/proyecto_integrador/app/controllers/promos_controller.rb:8)
DEPRECATION WARNING: You're trying to create an attribute `image_encode'. Writing arbitrary attributes on a model is deprecated. Please just use `attr_writer` etc. (called from block in index at /var/www/html/apps/proyecto_integrador/app/controllers/promos_controller.rb:9)
  [1m[36mBrand Load (0.5ms)[0m  [1mSELECT `brands`.* FROM `brands` WHERE `brands`.`id` = 5 LIMIT 1[0m
DEPRECATION WARNING: You're trying to create an attribute `brand_name'. Writing arbitrary attributes on a model is deprecated. Please just use `attr_writer` etc. (called from block in index at /var/www/html/apps/proyecto_integrador/app/controllers/promos_controller.rb:8)
DEPRECATION WARNING: You're trying to create an attribute `image_encode'. Writing arbitrary attributes on a model is deprecated. Please just use `attr_writer` etc. (called from block in index at /var/www/html/apps/proyecto_integrador/app/controllers/promos_controller.rb:9)
  [1m[35mBrand Load (0.6ms)[0m  SELECT `brands`.* FROM `brands` WHERE `brands`.`id` = 6 LIMIT 1
DEPRECATION WARNING: You're trying to create an attribute `brand_name'. Writing arbitrary attributes on a model is deprecated. Please just use `attr_writer` etc. (called from block in index at /var/www/html/apps/proyecto_integrador/app/controllers/promos_controller.rb:8)
DEPRECATION WARNING: You're trying to create an attribute `image_encode'. Writing arbitrary attributes on a model is deprecated. Please just use `attr_writer` etc. (called from block in index at /var/www/html/apps/proyecto_integrador/app/controllers/promos_controller.rb:9)
Completed 200 OK in 108ms (Views: 26.5ms | ActiveRecord: 0.0ms)


Started GET "/promos.json" for 200.12.181.28 at 2014-10-12 23:32:43 +0000
Processing by PromosController#index as JSON
  Parameters: {"promo"=>{}}
  [1m[36mPromo Load (0.5ms)[0m  [1mSELECT `promos`.* FROM `promos` WHERE (1=1)[0m
  [1m[35mBrand Load (0.5ms)[0m  SELECT `brands`.* FROM `brands` WHERE `brands`.`id` = 4 LIMIT 1
DEPRECATION WARNING: You're trying to create an attribute `brand_name'. Writing arbitrary attributes on a model is deprecated. Please just use `attr_writer` etc. (called from block in index at /var/www/html/apps/proyecto_integrador/app/controllers/promos_controller.rb:8)
DEPRECATION WARNING: You're trying to create an attribute `image_encode'. Writing arbitrary attributes on a model is deprecated. Please just use `attr_writer` etc. (called from block in index at /var/www/html/apps/proyecto_integrador/app/controllers/promos_controller.rb:9)
  [1m[36mBrand Load (0.5ms)[0m  [1mSELECT `brands`.* FROM `brands` WHERE `brands`.`id` = 2 LIMIT 1[0m
DEPRECATION WARNING: You're trying to create an attribute `brand_name'. Writing arbitrary attributes on a model is deprecated. Please just use `attr_writer` etc. (called from block in index at /var/www/html/apps/proyecto_integrador/app/controllers/promos_controller.rb:8)
DEPRECATION WARNING: You're trying to create an attribute `image_encode'. Writing arbitrary attributes on a model is deprecated. Please just use `attr_writer` etc. (called from block in index at /var/www/html/apps/proyecto_integrador/app/controllers/promos_controller.rb:9)
  [1m[35mBrand Load (0.4ms)[0m  SELECT `brands`.* FROM `brands` WHERE `brands`.`id` = 5 LIMIT 1
DEPRECATION WARNING: You're trying to create an attribute `brand_name'. Writing arbitrary attributes on a model is deprecated. Please just use `attr_writer` etc. (called from block in index at /var/www/html/apps/proyecto_integrador/app/controllers/promos_controller.rb:8)
DEPRECATION WARNING: You're trying to create an attribute `image_encode'. Writing arbitrary attributes on a model is deprecated. Please just use `attr_writer` etc. (called from block in index at /var/www/html/apps/proyecto_integrador/app/controllers/promos_controller.rb:9)
  [1m[36mBrand Load (0.6ms)[0m  [1mSELECT `brands`.* FROM `brands` WHERE `brands`.`id` = 6 LIMIT 1[0m
DEPRECATION WARNING: You're trying to create an attribute `brand_name'. Writing arbitrary attributes on a model is deprecated. Please just use `attr_writer` etc. (called from block in index at /var/www/html/apps/proyecto_integrador/app/controllers/promos_controller.rb:8)
DEPRECATION WARNING: You're trying to create an attribute `image_encode'. Writing arbitrary attributes on a model is deprecated. Please just use `attr_writer` etc. (called from block in index at /var/www/html/apps/proyecto_integrador/app/controllers/promos_controller.rb:9)
Completed 200 OK in 106ms (Views: 26.4ms | ActiveRecord: 0.0ms)


Started GET "/promos.json" for 200.12.181.28 at 2014-10-12 23:32:46 +0000
Processing by PromosController#index as JSON
  Parameters: {"promo"=>{}}
  [1m[35mPromo Load (0.5ms)[0m  SELECT `promos`.* FROM `promos` WHERE (1=1)
  [1m[36mBrand Load (0.5ms)[0m  [1mSELECT `brands`.* FROM `brands` WHERE `brands`.`id` = 4 LIMIT 1[0m
DEPRECATION WARNING: You're trying to create an attribute `brand_name'. Writing arbitrary attributes on a model is deprecated. Please just use `attr_writer` etc. (called from block in index at /var/www/html/apps/proyecto_integrador/app/controllers/promos_controller.rb:8)
DEPRECATION WARNING: You're trying to create an attribute `image_encode'. Writing arbitrary attributes on a model is deprecated. Please just use `attr_writer` etc. (called from block in index at /var/www/html/apps/proyecto_integrador/app/controllers/promos_controller.rb:9)
  [1m[35mBrand Load (0.5ms)[0m  SELECT `brands`.* FROM `brands` WHERE `brands`.`id` = 2 LIMIT 1
DEPRECATION WARNING: You're trying to create an attribute `brand_name'. Writing arbitrary attributes on a model is deprecated. Please just use `attr_writer` etc. (called from block in index at /var/www/html/apps/proyecto_integrador/app/controllers/promos_controller.rb:8)
DEPRECATION WARNING: You're trying to create an attribute `image_encode'. Writing arbitrary attributes on a model is deprecated. Please just use `attr_writer` etc. (called from block in index at /var/www/html/apps/proyecto_integrador/app/controllers/promos_controller.rb:9)
  [1m[36mBrand Load (0.5ms)[0m  [1mSELECT `brands`.* FROM `brands` WHERE `brands`.`id` = 5 LIMIT 1[0m
DEPRECATION WARNING: You're trying to create an attribute `brand_name'. Writing arbitrary attributes on a model is deprecated. Please just use `attr_writer` etc. (called from block in index at /var/www/html/apps/proyecto_integrador/app/controllers/promos_controller.rb:8)
DEPRECATION WARNING: You're trying to create an attribute `image_encode'. Writing arbitrary attributes on a model is deprecated. Please just use `attr_writer` etc. (called from block in index at /var/www/html/apps/proyecto_integrador/app/controllers/promos_controller.rb:9)
  [1m[35mBrand Load (0.5ms)[0m  SELECT `brands`.* FROM `brands` WHERE `brands`.`id` = 6 LIMIT 1
DEPRECATION WARNING: You're trying to create an attribute `brand_name'. Writing arbitrary attributes on a model is deprecated. Please just use `attr_writer` etc. (called from block in index at /var/www/html/apps/proyecto_integrador/app/controllers/promos_controller.rb:8)
DEPRECATION WARNING: You're trying to create an attribute `image_encode'. Writing arbitrary attributes on a model is deprecated. Please just use `attr_writer` etc. (called from block in index at /var/www/html/apps/proyecto_integrador/app/controllers/promos_controller.rb:9)
Completed 200 OK in 109ms (Views: 76.2ms | ActiveRecord: 0.0ms)


Started GET "/promos.json" for 200.12.181.28 at 2014-10-12 23:33:08 +0000
Processing by PromosController#index as JSON
  Parameters: {"promo"=>{}}
  [1m[36mPromo Load (0.3ms)[0m  [1mSELECT `promos`.* FROM `promos` WHERE (1=1)[0m
  [1m[35mBrand Load (0.2ms)[0m  SELECT `brands`.* FROM `brands` WHERE `brands`.`id` = 4 LIMIT 1
DEPRECATION WARNING: You're trying to create an attribute `brand_name'. Writing arbitrary attributes on a model is deprecated. Please just use `attr_writer` etc. (called from block in index at /var/www/html/apps/proyecto_integrador/app/controllers/promos_controller.rb:8)
DEPRECATION WARNING: You're trying to create an attribute `image_encode'. Writing arbitrary attributes on a model is deprecated. Please just use `attr_writer` etc. (called from block in index at /var/www/html/apps/proyecto_integrador/app/controllers/promos_controller.rb:9)
  [1m[36mBrand Load (0.2ms)[0m  [1mSELECT `brands`.* FROM `brands` WHERE `brands`.`id` = 2 LIMIT 1[0m
DEPRECATION WARNING: You're trying to create an attribute `brand_name'. Writing arbitrary attributes on a model is deprecated. Please just use `attr_writer` etc. (called from block in index at /var/www/html/apps/proyecto_integrador/app/controllers/promos_controller.rb:8)
DEPRECATION WARNING: You're trying to create an attribute `image_encode'. Writing arbitrary attributes on a model is deprecated. Please just use `attr_writer` etc. (called from block in index at /var/www/html/apps/proyecto_integrador/app/controllers/promos_controller.rb:9)
  [1m[35mBrand Load (0.2ms)[0m  SELECT `brands`.* FROM `brands` WHERE `brands`.`id` = 5 LIMIT 1
DEPRECATION WARNING: You're trying to create an attribute `brand_name'. Writing arbitrary attributes on a model is deprecated. Please just use `attr_writer` etc. (called from block in index at /var/www/html/apps/proyecto_integrador/app/controllers/promos_controller.rb:8)
DEPRECATION WARNING: You're trying to create an attribute `image_encode'. Writing arbitrary attributes on a model is deprecated. Please just use `attr_writer` etc. (called from block in index at /var/www/html/apps/proyecto_integrador/app/controllers/promos_controller.rb:9)
  [1m[36mBrand Load (0.2ms)[0m  [1mSELECT `brands`.* FROM `brands` WHERE `brands`.`id` = 6 LIMIT 1[0m
DEPRECATION WARNING: You're trying to create an attribute `brand_name'. Writing arbitrary attributes on a model is deprecated. Please just use `attr_writer` etc. (called from block in index at /var/www/html/apps/proyecto_integrador/app/controllers/promos_controller.rb:8)
DEPRECATION WARNING: You're trying to create an attribute `image_encode'. Writing arbitrary attributes on a model is deprecated. Please just use `attr_writer` etc. (called from block in index at /var/www/html/apps/proyecto_integrador/app/controllers/promos_controller.rb:9)
Completed 200 OK in 111ms (Views: 78.4ms | ActiveRecord: 0.0ms)


Started GET "/promos.json" for 200.12.181.28 at 2014-10-12 23:33:26 +0000
Processing by PromosController#index as JSON
  Parameters: {"promo"=>{}}
  [1m[35mPromo Load (0.3ms)[0m  SELECT `promos`.* FROM `promos` WHERE (1=1)
  [1m[36mBrand Load (0.2ms)[0m  [1mSELECT `brands`.* FROM `brands` WHERE `brands`.`id` = 4 LIMIT 1[0m
DEPRECATION WARNING: You're trying to create an attribute `brand_name'. Writing arbitrary attributes on a model is deprecated. Please just use `attr_writer` etc. (called from block in index at /var/www/html/apps/proyecto_integrador/app/controllers/promos_controller.rb:8)
DEPRECATION WARNING: You're trying to create an attribute `image_encode'. Writing arbitrary attributes on a model is deprecated. Please just use `attr_writer` etc. (called from block in index at /var/www/html/apps/proyecto_integrador/app/controllers/promos_controller.rb:9)
  [1m[35mBrand Load (0.2ms)[0m  SELECT `brands`.* FROM `brands` WHERE `brands`.`id` = 2 LIMIT 1
DEPRECATION WARNING: You're trying to create an attribute `brand_name'. Writing arbitrary attributes on a model is deprecated. Please just use `attr_writer` etc. (called from block in index at /var/www/html/apps/proyecto_integrador/app/controllers/promos_controller.rb:8)
DEPRECATION WARNING: You're trying to create an attribute `image_encode'. Writing arbitrary attributes on a model is deprecated. Please just use `attr_writer` etc. (called from block in index at /var/www/html/apps/proyecto_integrador/app/controllers/promos_controller.rb:9)
  [1m[36mBrand Load (0.2ms)[0m  [1mSELECT `brands`.* FROM `brands` WHERE `brands`.`id` = 5 LIMIT 1[0m
DEPRECATION WARNING: You're trying to create an attribute `brand_name'. Writing arbitrary attributes on a model is deprecated. Please just use `attr_writer` etc. (called from block in index at /var/www/html/apps/proyecto_integrador/app/controllers/promos_controller.rb:8)
DEPRECATION WARNING: You're trying to create an attribute `image_encode'. Writing arbitrary attributes on a model is deprecated. Please just use `attr_writer` etc. (called from block in index at /var/www/html/apps/proyecto_integrador/app/controllers/promos_controller.rb:9)
  [1m[35mBrand Load (0.2ms)[0m  SELECT `brands`.* FROM `brands` WHERE `brands`.`id` = 6 LIMIT 1
DEPRECATION WARNING: You're trying to create an attribute `brand_name'. Writing arbitrary attributes on a model is deprecated. Please just use `attr_writer` etc. (called from block in index at /var/www/html/apps/proyecto_integrador/app/controllers/promos_controller.rb:8)
DEPRECATION WARNING: You're trying to create an attribute `image_encode'. Writing arbitrary attributes on a model is deprecated. Please just use `attr_writer` etc. (called from block in index at /var/www/html/apps/proyecto_integrador/app/controllers/promos_controller.rb:9)
Completed 200 OK in 59ms (Views: 28.4ms | ActiveRecord: 0.0ms)


Started GET "/promos.json" for 201.232.178.175 at 2014-10-12 23:33:59 +0000
Processing by PromosController#index as JSON
  Parameters: {"promo"=>{}}
  [1m[36mPromo Load (0.2ms)[0m  [1mSELECT `promos`.* FROM `promos` WHERE (1=1)[0m
  [1m[35mBrand Load (0.2ms)[0m  SELECT `brands`.* FROM `brands` WHERE `brands`.`id` = 4 LIMIT 1
DEPRECATION WARNING: You're trying to create an attribute `brand_name'. Writing arbitrary attributes on a model is deprecated. Please just use `attr_writer` etc. (called from block in index at /var/www/html/apps/proyecto_integrador/app/controllers/promos_controller.rb:8)
DEPRECATION WARNING: You're trying to create an attribute `image_encode'. Writing arbitrary attributes on a model is deprecated. Please just use `attr_writer` etc. (called from block in index at /var/www/html/apps/proyecto_integrador/app/controllers/promos_controller.rb:9)
  [1m[36mBrand Load (0.2ms)[0m  [1mSELECT `brands`.* FROM `brands` WHERE `brands`.`id` = 2 LIMIT 1[0m
DEPRECATION WARNING: You're trying to create an attribute `brand_name'. Writing arbitrary attributes on a model is deprecated. Please just use `attr_writer` etc. (called from block in index at /var/www/html/apps/proyecto_integrador/app/controllers/promos_controller.rb:8)
DEPRECATION WARNING: You're trying to create an attribute `image_encode'. Writing arbitrary attributes on a model is deprecated. Please just use `attr_writer` etc. (called from block in index at /var/www/html/apps/proyecto_integrador/app/controllers/promos_controller.rb:9)
  [1m[35mBrand Load (0.2ms)[0m  SELECT `brands`.* FROM `brands` WHERE `brands`.`id` = 5 LIMIT 1
DEPRECATION WARNING: You're trying to create an attribute `brand_name'. Writing arbitrary attributes on a model is deprecated. Please just use `attr_writer` etc. (called from block in index at /var/www/html/apps/proyecto_integrador/app/controllers/promos_controller.rb:8)
DEPRECATION WARNING: You're trying to create an attribute `image_encode'. Writing arbitrary attributes on a model is deprecated. Please just use `attr_writer` etc. (called from block in index at /var/www/html/apps/proyecto_integrador/app/controllers/promos_controller.rb:9)
  [1m[36mBrand Load (0.2ms)[0m  [1mSELECT `brands`.* FROM `brands` WHERE `brands`.`id` = 6 LIMIT 1[0m
DEPRECATION WARNING: You're trying to create an attribute `brand_name'. Writing arbitrary attributes on a model is deprecated. Please just use `attr_writer` etc. (called from block in index at /var/www/html/apps/proyecto_integrador/app/controllers/promos_controller.rb:8)
DEPRECATION WARNING: You're trying to create an attribute `image_encode'. Writing arbitrary attributes on a model is deprecated. Please just use `attr_writer` etc. (called from block in index at /var/www/html/apps/proyecto_integrador/app/controllers/promos_controller.rb:9)
Completed 200 OK in 48ms (Views: 21.7ms | ActiveRecord: 0.0ms)


Started GET "/promos.json" for 200.12.181.28 at 2014-10-12 23:34:16 +0000
Processing by PromosController#index as JSON
  Parameters: {"promo"=>{}}
  [1m[35mPromo Load (0.2ms)[0m  SELECT `promos`.* FROM `promos` WHERE (1=1)
  [1m[36mBrand Load (0.2ms)[0m  [1mSELECT `brands`.* FROM `brands` WHERE `brands`.`id` = 4 LIMIT 1[0m
DEPRECATION WARNING: You're trying to create an attribute `brand_name'. Writing arbitrary attributes on a model is deprecated. Please just use `attr_writer` etc. (called from block in index at /var/www/html/apps/proyecto_integrador/app/controllers/promos_controller.rb:8)
DEPRECATION WARNING: You're trying to create an attribute `image_encode'. Writing arbitrary attributes on a model is deprecated. Please just use `attr_writer` etc. (called from block in index at /var/www/html/apps/proyecto_integrador/app/controllers/promos_controller.rb:9)
  [1m[35mBrand Load (0.2ms)[0m  SELECT `brands`.* FROM `brands` WHERE `brands`.`id` = 2 LIMIT 1
DEPRECATION WARNING: You're trying to create an attribute `brand_name'. Writing arbitrary attributes on a model is deprecated. Please just use `attr_writer` etc. (called from block in index at /var/www/html/apps/proyecto_integrador/app/controllers/promos_controller.rb:8)
DEPRECATION WARNING: You're trying to create an attribute `image_encode'. Writing arbitrary attributes on a model is deprecated. Please just use `attr_writer` etc. (called from block in index at /var/www/html/apps/proyecto_integrador/app/controllers/promos_controller.rb:9)
  [1m[36mBrand Load (0.3ms)[0m  [1mSELECT `brands`.* FROM `brands` WHERE `brands`.`id` = 5 LIMIT 1[0m
DEPRECATION WARNING: You're trying to create an attribute `brand_name'. Writing arbitrary attributes on a model is deprecated. Please just use `attr_writer` etc. (called from block in index at /var/www/html/apps/proyecto_integrador/app/controllers/promos_controller.rb:8)
DEPRECATION WARNING: You're trying to create an attribute `image_encode'. Writing arbitrary attributes on a model is deprecated. Please just use `attr_writer` etc. (called from block in index at /var/www/html/apps/proyecto_integrador/app/controllers/promos_controller.rb:9)
  [1m[35mBrand Load (0.2ms)[0m  SELECT `brands`.* FROM `brands` WHERE `brands`.`id` = 6 LIMIT 1
DEPRECATION WARNING: You're trying to create an attribute `brand_name'. Writing arbitrary attributes on a model is deprecated. Please just use `attr_writer` etc. (called from block in index at /var/www/html/apps/proyecto_integrador/app/controllers/promos_controller.rb:8)
DEPRECATION WARNING: You're trying to create an attribute `image_encode'. Writing arbitrary attributes on a model is deprecated. Please just use `attr_writer` etc. (called from block in index at /var/www/html/apps/proyecto_integrador/app/controllers/promos_controller.rb:9)
Completed 200 OK in 100ms (Views: 24.9ms | ActiveRecord: 0.0ms)


Started GET "/promos.json" for 200.12.181.28 at 2014-10-12 23:34:30 +0000
Processing by PromosController#index as JSON
  Parameters: {"promo"=>{}}
  [1m[36mPromo Load (0.3ms)[0m  [1mSELECT `promos`.* FROM `promos` WHERE (1=1)[0m
  [1m[35mBrand Load (0.2ms)[0m  SELECT `brands`.* FROM `brands` WHERE `brands`.`id` = 4 LIMIT 1
DEPRECATION WARNING: You're trying to create an attribute `brand_name'. Writing arbitrary attributes on a model is deprecated. Please just use `attr_writer` etc. (called from block in index at /var/www/html/apps/proyecto_integrador/app/controllers/promos_controller.rb:8)
DEPRECATION WARNING: You're trying to create an attribute `image_encode'. Writing arbitrary attributes on a model is deprecated. Please just use `attr_writer` etc. (called from block in index at /var/www/html/apps/proyecto_integrador/app/controllers/promos_controller.rb:9)
  [1m[36mBrand Load (0.2ms)[0m  [1mSELECT `brands`.* FROM `brands` WHERE `brands`.`id` = 2 LIMIT 1[0m
DEPRECATION WARNING: You're trying to create an attribute `brand_name'. Writing arbitrary attributes on a model is deprecated. Please just use `attr_writer` etc. (called from block in index at /var/www/html/apps/proyecto_integrador/app/controllers/promos_controller.rb:8)
DEPRECATION WARNING: You're trying to create an attribute `image_encode'. Writing arbitrary attributes on a model is deprecated. Please just use `attr_writer` etc. (called from block in index at /var/www/html/apps/proyecto_integrador/app/controllers/promos_controller.rb:9)
  [1m[35mBrand Load (0.2ms)[0m  SELECT `brands`.* FROM `brands` WHERE `brands`.`id` = 5 LIMIT 1
DEPRECATION WARNING: You're trying to create an attribute `brand_name'. Writing arbitrary attributes on a model is deprecated. Please just use `attr_writer` etc. (called from block in index at /var/www/html/apps/proyecto_integrador/app/controllers/promos_controller.rb:8)
DEPRECATION WARNING: You're trying to create an attribute `image_encode'. Writing arbitrary attributes on a model is deprecated. Please just use `attr_writer` etc. (called from block in index at /var/www/html/apps/proyecto_integrador/app/controllers/promos_controller.rb:9)
  [1m[36mBrand Load (0.2ms)[0m  [1mSELECT `brands`.* FROM `brands` WHERE `brands`.`id` = 6 LIMIT 1[0m
DEPRECATION WARNING: You're trying to create an attribute `brand_name'. Writing arbitrary attributes on a model is deprecated. Please just use `attr_writer` etc. (called from block in index at /var/www/html/apps/proyecto_integrador/app/controllers/promos_controller.rb:8)
DEPRECATION WARNING: You're trying to create an attribute `image_encode'. Writing arbitrary attributes on a model is deprecated. Please just use `attr_writer` etc. (called from block in index at /var/www/html/apps/proyecto_integrador/app/controllers/promos_controller.rb:9)
Completed 200 OK in 101ms (Views: 71.1ms | ActiveRecord: 0.0ms)
